[
    {
        "EventTime": "2024-03-12 16:04:10",
        "Hostname": "Stefan-Laptop",
        "Keywords": 4611686018427387904,
        "EventType": "INFO",
        "SeverityValue": 2,
        "Severity": "INFO",
        "EventID": 4116,
        "SourceName": "Microsoft-Windows-GroupPolicy",
        "ProviderGuid": "{AEA1B4FA-97D1-45F2-A64C-4D69FFFD92C9}",
        "Version": 0,
        "Task": 0,
        "OpcodeValue": 0,
        "RecordNumber": 114791,
        "ProcessID": 20228,
        "ThreadID": 3096,
        "Channel": "Microsoft-Windows-GroupPolicy/Operational",
        "Domain": "NT AUTHORITY",
        "AccountName": "SYSTEM",
        "UserID": "S-1-5-18",
        "AccountType": "User",
        "Message": "Started the Group Policy service initialization phase.",
        "Opcode": "Info",
        "EventReceivedTime": "2024-03-12 16:04:27",
        "SourceModuleName": "in",
        "SourceModuleType": "im_msvistalog"
    },
    {
        "EventTime": "2024-03-12 16:04:34",
        "Hostname": "Stefan-Laptop",
        "Keywords": 4611686018427387904,
        "EventType": "INFO",
        "SeverityValue": 2,
        "Severity": "INFO",
        "EventID": 4115,
        "SourceName": "Microsoft-Windows-GroupPolicy",
        "ProviderGuid": "{AEA1B4FA-97D1-45F2-A64C-4D69FFFD92C9}",
        "Version": 0,
        "Task": 0,
        "OpcodeValue": 0,
        "RecordNumber": 114792,
        "ProcessID": 20228,
        "ThreadID": 3096,
        "Channel": "Microsoft-Windows-GroupPolicy/Operational",
        "Domain": "NT AUTHORITY",
        "AccountName": "SYSTEM",
        "UserID": "S-1-5-18",
        "AccountType": "User",
        "Message": "Group Policy Service started.",
        "Opcode": "Info",
        "IsServiceRestart": "true",
        "IsMachineBoot": "false",
        "EventReceivedTime": "2024-03-12 16:04:27",
        "SourceModuleName": "in",
        "SourceModuleType": "im_msvistalog"
    },
    {
        "EventTime": "2024-03-12 16:04:11",
        "Hostname": "Stefan-Laptop",
        "Keywords": 4611686018427387904,
        "EventType": "INFO",
        "SeverityValue": 2,
        "Severity": "INFO",
        "EventID": 5324,
        "SourceName": "Microsoft-Windows-GroupPolicy",
        "ProviderGuid": "{AEA1B4FA-97D1-45F2-A64C-4D69FFFD92C9}",
        "Version": 0,
        "Task": 0,
        "OpcodeValue": 0,
        "RecordNumber": 114793,
        "ProcessID": 20228,
        "ThreadID": 3096,
        "Channel": "Microsoft-Windows-GroupPolicy/Operational",
        "Domain": "NT AUTHORITY",
        "AccountName": "SYSTEM",
        "UserID": "S-1-5-18",
        "AccountType": "User",
        "Message": "Group Policy received the notification CreateSession from Winlogon for session 0.",
        "Opcode": "Info",
        "NotificationType": "0",
        "SessionId": "0",
        "EventReceivedTime": "2024-03-12 16:04:27",
        "SourceModuleName": "in",
        "SourceModuleType": "im_msvistalog"
    },
    {
        "EventTime": "2024-03-12 16:04:24",
        "Hostname": "Stefan-Laptop",
        "Keywords": 4611686018427387904,
        "EventType": "INFO",
        "SeverityValue": 2,
        "Severity": "INFO",
        "EventID": 5351,
        "SourceName": "Microsoft-Windows-GroupPolicy",
        "ProviderGuid": "{AEA1B4FA-97D1-45F2-A64C-4D69FFFD92C9}",
        "Version": 0,
        "Task": 0,
        "OpcodeValue": 0,
        "RecordNumber": 114794,
        "ProcessID": 20228,
        "ThreadID": 3096,
        "Channel": "Microsoft-Windows-GroupPolicy/Operational",
        "Domain": "NT AUTHORITY",
        "AccountName": "SYSTEM",
        "UserID": "S-1-5-18",
        "AccountType": "User",
        "Message": "Group policy session returned to winlogon.",
        "Opcode": "Info",
        "IsMachine": "false",
        "WinlogonReturnTimeElapsedInMilliseconds": "0",
        "EventReceivedTime": "2024-03-12 16:04:27",
        "SourceModuleName": "in",
        "SourceModuleType": "im_msvistalog"
    },
    {
        "EventTime": "2024-03-12 16:04:28",
        "Hostname": "Stefan-Laptop",
        "Keywords": 4611686018427387904,
        "EventType": "INFO",
        "SeverityValue": 2,
        "Severity": "INFO",
        "EventID": 4117,
        "SourceName": "Microsoft-Windows-GroupPolicy",
        "ProviderGuid": "{AEA1B4FA-97D1-45F2-A64C-4D69FFFD92C9}",
        "Version": 0,
        "Task": 0,
        "OpcodeValue": 0,
        "RecordNumber": 114795,
        "ProcessID": 20228,
        "ThreadID": 15032,
        "Channel": "Microsoft-Windows-GroupPolicy/Operational",
        "Domain": "NT AUTHORITY",
        "AccountName": "SYSTEM",
        "UserID": "S-1-5-18",
        "AccountType": "User",
        "Message": "Group Policy Session started.",
        "Opcode": "Info",
        "IsMachine": "true",
        "IsBackgroundProcessing": "true",
        "IsAsyncProcessing": "false",
        "EventReceivedTime": "2024-03-12 16:04:27",
        "SourceModuleName": "in",
        "SourceModuleType": "im_msvistalog"
    },
    {
        "EventTime": "2024-03-12 16:04:29",
        "Hostname": "Stefan-Laptop",
        "Keywords": 4611686018427387904,
        "EventType": "INFO",
        "SeverityValue": 2,
        "Severity": "INFO",
        "EventID": 5351,
        "SourceName": "Microsoft-Windows-GroupPolicy",
        "ProviderGuid": "{AEA1B4FA-97D1-45F2-A64C-4D69FFFD92C9}",
        "Version": 0,
        "Task": 0,
        "OpcodeValue": 0,
        "RecordNumber": 114796,
        "ProcessID": 20228,
        "ThreadID": 3096,
        "Channel": "Microsoft-Windows-GroupPolicy/Operational",
        "Domain": "NT AUTHORITY",
        "AccountName": "SYSTEM",
        "UserID": "S-1-5-18",
        "AccountType": "User",
        "Message": "Group policy session returned to winlogon.",
        "Opcode": "Info",
        "IsMachine": "false",
        "WinlogonReturnTimeElapsedInMilliseconds": "0",
        "EventReceivedTime": "2024-03-12 16:04:27",
        "SourceModuleName": "in",
        "SourceModuleType": "im_msvistalog"
    },
    {
        "EventTime": "2024-03-12 16:04:31",
        "Hostname": "Stefan-Laptop",
        "Keywords": 4611686018427387904,
        "EventType": "INFO",
        "SeverityValue": 2,
        "Severity": "INFO",
        "EventID": 4117,
        "SourceName": "Microsoft-Windows-GroupPolicy",
        "ProviderGuid": "{AEA1B4FA-97D1-45F2-A64C-4D69FFFD92C9}",
        "Version": 0,
        "Task": 0,
        "OpcodeValue": 0,
        "RecordNumber": 114797,
        "ProcessID": 20228,
        "ThreadID": 19980,
        "Channel": "Microsoft-Windows-GroupPolicy/Operational",
        "Domain": "NT AUTHORITY",
        "AccountName": "SYSTEM",
        "UserID": "S-1-5-18",
        "AccountType": "User",
        "Message": "Group Policy Session started.",
        "Opcode": "Info",
        "IsMachine": "false",
        "IsBackgroundProcessing": "true",
        "IsAsyncProcessing": "false",
        "EventReceivedTime": "2024-03-12 16:04:27",
        "SourceModuleName": "in",
        "SourceModuleType": "im_msvistalog"
    },
    {
        "EventTime": "2024-03-12 16:04:35",
        "Hostname": "Stefan-Laptop",
        "Keywords": 4611686018427387904,
        "EventType": "INFO",
        "SeverityValue": 2,
        "Severity": "INFO",
        "EventID": 5116,
        "SourceName": "Microsoft-Windows-GroupPolicy",
        "ProviderGuid": "{AEA1B4FA-97D1-45F2-A64C-4D69FFFD92C9}",
        "Version": 0,
        "Task": 0,
        "OpcodeValue": 0,
        "RecordNumber": 114798,
        "ProcessID": 20228,
        "ThreadID": 16804,
        "Channel": "Microsoft-Windows-GroupPolicy/Operational",
        "Domain": "NT AUTHORITY",
        "AccountName": "SYSTEM",
        "UserID": "S-1-5-18",
        "AccountType": "User",
        "Message": "Successfully completed the Group Policy Service initialization phase.",
        "Opcode": "Info",
        "GpsvcInitTimeElapsedInMilliseconds": "15",
        "EventReceivedTime": "2024-03-12 16:04:27",
        "SourceModuleName": "in",
        "SourceModuleType": "im_msvistalog"
    },
    {
        "EventTime": "2024-03-12 16:04:37",
        "Hostname": "Stefan-Laptop",
        "Keywords": 4611686018427387904,
        "EventType": "INFO",
        "SeverityValue": 2,
        "Severity": "INFO",
        "EventID": 5320,
        "SourceName": "Microsoft-Windows-GroupPolicy",
        "ProviderGuid": "{AEA1B4FA-97D1-45F2-A64C-4D69FFFD92C9}",
        "Version": 0,
        "Task": 0,
        "OpcodeValue": 0,
        "RecordNumber": 114799,
        "ProcessID": 20228,
        "ThreadID": 16804,
        "Channel": "Microsoft-Windows-GroupPolicy/Operational",
        "Domain": "NT AUTHORITY",
        "AccountName": "SYSTEM",
        "UserID": "S-1-5-18",
        "AccountType": "User",
        "Message": "The Group Policy Client service is currently configured as a shared service.",
        "Opcode": "Info",
        "InfoDescription": "%%4168",
        "EventReceivedTime": "2024-03-12 16:04:27",
        "SourceModuleName": "in",
        "SourceModuleType": "im_msvistalog"
    },
    {
        "EventTime": "2024-03-12 16:04:47",
        "Hostname": "Stefan-Laptop",
        "Keywords": 4611686018427387904,
        "EventType": "INFO",
        "SeverityValue": 2,
        "Severity": "INFO",
        "EventID": 5320,
        "SourceName": "Microsoft-Windows-GroupPolicy",
        "ProviderGuid": "{AEA1B4FA-97D1-45F2-A64C-4D69FFFD92C9}",
        "Version": 0,
        "Task": 0,
        "OpcodeValue": 0,
        "RecordNumber": 114800,
        "ProcessID": 20228,
        "ThreadID": 16804,
        "Channel": "Microsoft-Windows-GroupPolicy/Operational",
        "Domain": "NT AUTHORITY",
        "AccountName": "SYSTEM",
        "UserID": "S-1-5-18",
        "AccountType": "User",
        "Message": "Initializing and reading current service configuration for the Group Policy Client service.",
        "Opcode": "Info",
        "InfoDescription": "%%4160",
        "EventReceivedTime": "2024-03-12 16:04:27",
        "SourceModuleName": "in",
        "SourceModuleType": "im_msvistalog"
    }
]